<?xml version="1.0" encoding="UTF-8" standalone="no"?>
<!DOCTYPE config SYSTEM "test-conf.dtd">
<config>
<package>test all</package>
<credential>
	<server>foobar</server>
<use_trusted_connection>1</use_trusted_connection>
</credential>
</config>
